<?xml version="1.0" encoding="UTF-8"?>
<!-- Generated by org.testng.reporters.JUnitXMLReporter -->
<testsuite ignored="0" hostname="LAPTOP-RQ63C1TE" failures="0" tests="9" name="Test" time="218.143" errors="0" timestamp="2024-08-15T12:32:57 IST">
  <testcase classname="SequenceFlow.HomePageTest" name="Apparel" time="0.528"/>
  <testcase classname="SequenceFlow.HomePageTest" name="Electronic" time="1.555"/>
  <testcase classname="SequenceFlow.HomePageTest" name="EndToEndflowOrder" time="47.659"/>
  <testcase classname="SequenceFlow.HomePageTest" name="GiftCard" time="1.987"/>
  <testcase classname="SequenceFlow.HomePageTest" name="Home" time="0.007"/>
  <testcase classname="SequenceFlow.HomePageTest" name="LoginPageTest" time="1.113"/>
  <testcase classname="SequenceFlow.HomePageTest" name="computer" time="2.473"/>
  <testcase classname="SequenceFlow.HomePageTest" name="launch" time="8.074"/>
  <testcase classname="SequenceFlow.HomePageTest" name="loginLink" time="0.599"/>
</testsuite> <!-- Test -->
