<?xml version="1.0" encoding="UTF-8"?>
<testng-results ignored="0" total="9" passed="9" failed="0" skipped="0">
  <reporter-output>
  </reporter-output>
  <suite started-at="2024-08-15T12:29:18 IST" name="Suite" finished-at="2024-08-15T12:32:56 IST" duration-ms="218143">
    <groups>
    </groups>
    <test started-at="2024-08-15T12:29:18 IST" name="Test" finished-at="2024-08-15T12:32:56 IST" duration-ms="218143">
      <class name="SequenceFlow.HomePageTest">
        <test-method is-config="true" signature="LaunchBrowserAndLogin()[pri:0, instance:SequenceFlow.HomePageTest@206a70ef]" started-at="2024-08-15T12:29:18 IST" name="LaunchBrowserAndLogin" finished-at="2024-08-15T12:29:26 IST" duration-ms="7492" status="PASS">
          <reporter-output>
          </reporter-output>
        </test-method> <!-- LaunchBrowserAndLogin -->
        <test-method is-config="true" signature="setupMethod()[pri:0, instance:SequenceFlow.HomePageTest@206a70ef]" started-at="2024-08-15T12:29:26 IST" name="setupMethod" finished-at="2024-08-15T12:29:32 IST" duration-ms="6445" status="PASS">
          <reporter-output>
          </reporter-output>
        </test-method> <!-- setupMethod -->
        <test-method signature="Apparel()[pri:0, instance:SequenceFlow.HomePageTest@206a70ef]" started-at="2024-08-15T12:29:32 IST" name="Apparel" finished-at="2024-08-15T12:29:33 IST" duration-ms="528" status="PASS">
          <reporter-output>
          </reporter-output>
        </test-method> <!-- Apparel -->
        <test-method is-config="true" signature="cleanUp()[pri:0, instance:SequenceFlow.HomePageTest@206a70ef]" started-at="2024-08-15T12:29:33 IST" name="cleanUp" finished-at="2024-08-15T12:29:33 IST" duration-ms="141" status="PASS">
          <reporter-output>
          </reporter-output>
        </test-method> <!-- cleanUp -->
        <test-method is-config="true" signature="LaunchBrowserAndLogin()[pri:0, instance:SequenceFlow.HomePageTest@206a70ef]" started-at="2024-08-15T12:29:33 IST" name="LaunchBrowserAndLogin" finished-at="2024-08-15T12:30:05 IST" duration-ms="32499" status="PASS">
          <reporter-output>
          </reporter-output>
        </test-method> <!-- LaunchBrowserAndLogin -->
        <test-method is-config="true" signature="setupMethod()[pri:0, instance:SequenceFlow.HomePageTest@206a70ef]" started-at="2024-08-15T12:30:05 IST" name="setupMethod" finished-at="2024-08-15T12:30:18 IST" duration-ms="12810" status="PASS">
          <reporter-output>
          </reporter-output>
        </test-method> <!-- setupMethod -->
        <test-method signature="Electronic()[pri:0, instance:SequenceFlow.HomePageTest@206a70ef]" started-at="2024-08-15T12:30:18 IST" name="Electronic" finished-at="2024-08-15T12:30:20 IST" duration-ms="1555" status="PASS">
          <reporter-output>
          </reporter-output>
        </test-method> <!-- Electronic -->
        <test-method is-config="true" signature="cleanUp()[pri:0, instance:SequenceFlow.HomePageTest@206a70ef]" started-at="2024-08-15T12:30:20 IST" name="cleanUp" finished-at="2024-08-15T12:30:20 IST" duration-ms="131" status="PASS">
          <reporter-output>
          </reporter-output>
        </test-method> <!-- cleanUp -->
        <test-method is-config="true" signature="LaunchBrowserAndLogin()[pri:0, instance:SequenceFlow.HomePageTest@206a70ef]" started-at="2024-08-15T12:30:20 IST" name="LaunchBrowserAndLogin" finished-at="2024-08-15T12:30:26 IST" duration-ms="6236" status="PASS">
          <reporter-output>
          </reporter-output>
        </test-method> <!-- LaunchBrowserAndLogin -->
        <test-method is-config="true" signature="setupMethod()[pri:0, instance:SequenceFlow.HomePageTest@206a70ef]" started-at="2024-08-15T12:30:26 IST" name="setupMethod" finished-at="2024-08-15T12:30:33 IST" duration-ms="6935" status="PASS">
          <reporter-output>
          </reporter-output>
        </test-method> <!-- setupMethod -->
        <test-method signature="EndToEndflowOrder()[pri:0, instance:SequenceFlow.HomePageTest@206a70ef]" started-at="2024-08-15T12:30:33 IST" name="EndToEndflowOrder" finished-at="2024-08-15T12:31:21 IST" duration-ms="47659" status="PASS">
          <reporter-output>
          </reporter-output>
        </test-method> <!-- EndToEndflowOrder -->
        <test-method is-config="true" signature="cleanUp()[pri:0, instance:SequenceFlow.HomePageTest@206a70ef]" started-at="2024-08-15T12:31:21 IST" name="cleanUp" finished-at="2024-08-15T12:31:21 IST" duration-ms="167" status="PASS">
          <reporter-output>
          </reporter-output>
        </test-method> <!-- cleanUp -->
        <test-method is-config="true" signature="LaunchBrowserAndLogin()[pri:0, instance:SequenceFlow.HomePageTest@206a70ef]" started-at="2024-08-15T12:31:21 IST" name="LaunchBrowserAndLogin" finished-at="2024-08-15T12:31:27 IST" duration-ms="6166" status="PASS">
          <reporter-output>
          </reporter-output>
        </test-method> <!-- LaunchBrowserAndLogin -->
        <test-method is-config="true" signature="setupMethod()[pri:0, instance:SequenceFlow.HomePageTest@206a70ef]" started-at="2024-08-15T12:31:27 IST" name="setupMethod" finished-at="2024-08-15T12:31:33 IST" duration-ms="6346" status="PASS">
          <reporter-output>
          </reporter-output>
        </test-method> <!-- setupMethod -->
        <test-method signature="GiftCard()[pri:0, instance:SequenceFlow.HomePageTest@206a70ef]" started-at="2024-08-15T12:31:33 IST" name="GiftCard" finished-at="2024-08-15T12:31:35 IST" duration-ms="1987" status="PASS">
          <reporter-output>
          </reporter-output>
        </test-method> <!-- GiftCard -->
        <test-method is-config="true" signature="cleanUp()[pri:0, instance:SequenceFlow.HomePageTest@206a70ef]" started-at="2024-08-15T12:31:35 IST" name="cleanUp" finished-at="2024-08-15T12:31:35 IST" duration-ms="149" status="PASS">
          <reporter-output>
          </reporter-output>
        </test-method> <!-- cleanUp -->
        <test-method is-config="true" signature="LaunchBrowserAndLogin()[pri:0, instance:SequenceFlow.HomePageTest@206a70ef]" started-at="2024-08-15T12:31:35 IST" name="LaunchBrowserAndLogin" finished-at="2024-08-15T12:31:43 IST" duration-ms="7800" status="PASS">
          <reporter-output>
          </reporter-output>
        </test-method> <!-- LaunchBrowserAndLogin -->
        <test-method is-config="true" signature="setupMethod()[pri:0, instance:SequenceFlow.HomePageTest@206a70ef]" started-at="2024-08-15T12:31:43 IST" name="setupMethod" finished-at="2024-08-15T12:31:49 IST" duration-ms="6277" status="PASS">
          <reporter-output>
          </reporter-output>
        </test-method> <!-- setupMethod -->
        <test-method signature="Home()[pri:0, instance:SequenceFlow.HomePageTest@206a70ef]" started-at="2024-08-15T12:31:49 IST" name="Home" finished-at="2024-08-15T12:31:49 IST" duration-ms="7" status="PASS">
          <reporter-output>
          </reporter-output>
        </test-method> <!-- Home -->
        <test-method is-config="true" signature="cleanUp()[pri:0, instance:SequenceFlow.HomePageTest@206a70ef]" started-at="2024-08-15T12:31:49 IST" name="cleanUp" finished-at="2024-08-15T12:31:50 IST" duration-ms="137" status="PASS">
          <reporter-output>
          </reporter-output>
        </test-method> <!-- cleanUp -->
        <test-method is-config="true" signature="LaunchBrowserAndLogin()[pri:0, instance:SequenceFlow.HomePageTest@206a70ef]" started-at="2024-08-15T12:31:50 IST" name="LaunchBrowserAndLogin" finished-at="2024-08-15T12:31:56 IST" duration-ms="6275" status="PASS">
          <reporter-output>
          </reporter-output>
        </test-method> <!-- LaunchBrowserAndLogin -->
        <test-method is-config="true" signature="setupMethod()[pri:0, instance:SequenceFlow.HomePageTest@206a70ef]" started-at="2024-08-15T12:31:56 IST" name="setupMethod" finished-at="2024-08-15T12:32:03 IST" duration-ms="6933" status="PASS">
          <reporter-output>
          </reporter-output>
        </test-method> <!-- setupMethod -->
        <test-method signature="LoginPageTest()[pri:0, instance:SequenceFlow.HomePageTest@206a70ef]" started-at="2024-08-15T12:32:03 IST" name="LoginPageTest" finished-at="2024-08-15T12:32:04 IST" duration-ms="1113" status="PASS">
          <reporter-output>
          </reporter-output>
        </test-method> <!-- LoginPageTest -->
        <test-method is-config="true" signature="cleanUp()[pri:0, instance:SequenceFlow.HomePageTest@206a70ef]" started-at="2024-08-15T12:32:04 IST" name="cleanUp" finished-at="2024-08-15T12:32:04 IST" duration-ms="129" status="PASS">
          <reporter-output>
          </reporter-output>
        </test-method> <!-- cleanUp -->
        <test-method is-config="true" signature="LaunchBrowserAndLogin()[pri:0, instance:SequenceFlow.HomePageTest@206a70ef]" started-at="2024-08-15T12:32:04 IST" name="LaunchBrowserAndLogin" finished-at="2024-08-15T12:32:10 IST" duration-ms="6373" status="PASS">
          <reporter-output>
          </reporter-output>
        </test-method> <!-- LaunchBrowserAndLogin -->
        <test-method is-config="true" signature="setupMethod()[pri:0, instance:SequenceFlow.HomePageTest@206a70ef]" started-at="2024-08-15T12:32:10 IST" name="setupMethod" finished-at="2024-08-15T12:32:17 IST" duration-ms="6390" status="PASS">
          <reporter-output>
          </reporter-output>
        </test-method> <!-- setupMethod -->
        <test-method signature="computer()[pri:0, instance:SequenceFlow.HomePageTest@206a70ef]" started-at="2024-08-15T12:32:17 IST" name="computer" finished-at="2024-08-15T12:32:19 IST" duration-ms="2473" status="PASS">
          <reporter-output>
          </reporter-output>
        </test-method> <!-- computer -->
        <test-method is-config="true" signature="cleanUp()[pri:0, instance:SequenceFlow.HomePageTest@206a70ef]" started-at="2024-08-15T12:32:19 IST" name="cleanUp" finished-at="2024-08-15T12:32:19 IST" duration-ms="144" status="PASS">
          <reporter-output>
          </reporter-output>
        </test-method> <!-- cleanUp -->
        <test-method is-config="true" signature="LaunchBrowserAndLogin()[pri:0, instance:SequenceFlow.HomePageTest@206a70ef]" started-at="2024-08-15T12:32:19 IST" name="LaunchBrowserAndLogin" finished-at="2024-08-15T12:32:26 IST" duration-ms="6864" status="PASS">
          <reporter-output>
          </reporter-output>
        </test-method> <!-- LaunchBrowserAndLogin -->
        <test-method is-config="true" signature="setupMethod()[pri:0, instance:SequenceFlow.HomePageTest@206a70ef]" started-at="2024-08-15T12:32:26 IST" name="setupMethod" finished-at="2024-08-15T12:32:34 IST" duration-ms="7600" status="PASS">
          <reporter-output>
          </reporter-output>
        </test-method> <!-- setupMethod -->
        <test-method signature="launch()[pri:0, instance:SequenceFlow.HomePageTest@206a70ef]" started-at="2024-08-15T12:32:34 IST" name="launch" finished-at="2024-08-15T12:32:42 IST" duration-ms="8074" status="PASS">
          <reporter-output>
          </reporter-output>
        </test-method> <!-- launch -->
        <test-method is-config="true" signature="cleanUp()[pri:0, instance:SequenceFlow.HomePageTest@206a70ef]" started-at="2024-08-15T12:32:42 IST" name="cleanUp" finished-at="2024-08-15T12:32:42 IST" duration-ms="158" status="PASS">
          <reporter-output>
          </reporter-output>
        </test-method> <!-- cleanUp -->
        <test-method is-config="true" signature="LaunchBrowserAndLogin()[pri:0, instance:SequenceFlow.HomePageTest@206a70ef]" started-at="2024-08-15T12:32:42 IST" name="LaunchBrowserAndLogin" finished-at="2024-08-15T12:32:49 IST" duration-ms="6530" status="PASS">
          <reporter-output>
          </reporter-output>
        </test-method> <!-- LaunchBrowserAndLogin -->
        <test-method is-config="true" signature="setupMethod()[pri:0, instance:SequenceFlow.HomePageTest@206a70ef]" started-at="2024-08-15T12:32:49 IST" name="setupMethod" finished-at="2024-08-15T12:32:55 IST" duration-ms="6547" status="PASS">
          <reporter-output>
          </reporter-output>
        </test-method> <!-- setupMethod -->
        <test-method signature="loginLink()[pri:0, instance:SequenceFlow.HomePageTest@206a70ef]" started-at="2024-08-15T12:32:55 IST" name="loginLink" finished-at="2024-08-15T12:32:56 IST" duration-ms="599" status="PASS">
          <reporter-output>
          </reporter-output>
        </test-method> <!-- loginLink -->
        <test-method is-config="true" signature="cleanUp()[pri:0, instance:SequenceFlow.HomePageTest@206a70ef]" started-at="2024-08-15T12:32:56 IST" name="cleanUp" finished-at="2024-08-15T12:32:56 IST" duration-ms="228" status="PASS">
          <reporter-output>
          </reporter-output>
        </test-method> <!-- cleanUp -->
      </class> <!-- SequenceFlow.HomePageTest -->
    </test> <!-- Test -->
  </suite> <!-- Suite -->
</testng-results>
